2019-08-15 20:55:57,470 [main] INFO  com.memory.MainApplication 50 - Starting MainApplication on Memory-pc with PID 7992 (E:\IdeaProjects\parent\controller\target\classes started by Administrator in E:\IdeaProjects\parent)
2019-08-15 20:55:57,486 [main] INFO  com.memory.MainApplication 679 - The following profiles are active: c3p0,rabbitmq
2019-08-15 20:55:58,720 [main] INFO  o.s.d.r.c.RepositoryConfigurationDelegate 244 - Multiple Spring Data modules found, entering strict repository configuration mode!
2019-08-15 20:55:58,720 [main] INFO  o.s.d.r.c.RepositoryConfigurationDelegate 126 - Bootstrapping Spring Data repositories in DEFAULT mode.
2019-08-15 20:55:58,829 [main] INFO  o.s.d.r.c.RepositoryConfigurationDelegate 182 - Finished Spring Data repository scanning in 78ms. Found 1 repository interfaces.
2019-08-15 20:55:58,860 [main] INFO  o.s.d.r.c.RepositoryConfigurationDelegate 244 - Multiple Spring Data modules found, entering strict repository configuration mode!
2019-08-15 20:55:58,862 [main] INFO  o.s.d.r.c.RepositoryConfigurationDelegate 126 - Bootstrapping Spring Data repositories in DEFAULT mode.
2019-08-15 20:55:58,906 [main] INFO  o.s.d.r.c.RepositoryConfigurationExtensionSupport 363 - Spring Data Redis - Could not safely identify store assignment for repository candidate interface com.memory.domain.repository.DemoRepository.
2019-08-15 20:55:58,907 [main] INFO  o.s.d.r.c.RepositoryConfigurationDelegate 182 - Finished Spring Data repository scanning in 16ms. Found 0 repository interfaces.
2019-08-15 20:55:59,266 [main] INFO  o.s.c.s.PostProcessorRegistrationDelegate$BeanPostProcessorChecker 330 - Bean 'org.springframework.amqp.rabbit.annotation.RabbitBootstrapConfiguration' of type [org.springframework.amqp.rabbit.annotation.RabbitBootstrapConfiguration$$EnhancerBySpringCGLIB$$3a16625c] is not eligible for getting processed by all BeanPostProcessors (for example: not eligible for auto-proxying)
2019-08-15 20:55:59,360 [main] INFO  o.s.c.s.PostProcessorRegistrationDelegate$BeanPostProcessorChecker 330 - Bean 'org.springframework.transaction.annotation.ProxyTransactionManagementConfiguration' of type [org.springframework.transaction.annotation.ProxyTransactionManagementConfiguration$$EnhancerBySpringCGLIB$$73aaa42e] is not eligible for getting processed by all BeanPostProcessors (for example: not eligible for auto-proxying)
2019-08-15 20:55:59,673 [main] INFO  o.s.b.w.e.tomcat.TomcatWebServer 90 - Tomcat initialized with port(s): 8081 (http)
2019-08-15 20:55:59,688 [main] INFO  o.a.coyote.http11.Http11NioProtocol 173 - Initializing ProtocolHandler ["http-nio-8081"]
2019-08-15 20:55:59,688 [main] INFO  o.a.catalina.core.StandardService 173 - Starting service [Tomcat]
2019-08-15 20:55:59,688 [main] INFO  o.a.catalina.core.StandardEngine 173 - Starting Servlet Engine: Apache Tomcat/9.0.12
2019-08-15 20:55:59,704 [main] INFO  o.a.c.core.AprLifecycleListener 173 - The APR based Apache Tomcat Native library which allows optimal performance in production environments was not found on the java.library.path: [E:\Java\jdk1.8.0_131\bin;C:\Windows\Sun\Java\bin;C:\Windows\system32;C:\Windows;E:\NetSarang\Xshell 6\;C:\Program Files (x86)\Common Files\NetSarang;C:\Program Files (x86)\Common Files\Oracle\Java\javapath;C:\ProgramData\Oracle\Java\javapath;C:\Windows\system32;C:\Windows;C:\Windows\System32\Wbem;C:\Windows\System32\WindowsPowerShell\v1.0\;E:\TortoiseSVN\bin;E:\Java\jdk1.8.0_131\bin;E:\Java\jdk1.8.0_131\jre\bin;E:\maven-3.5.3\bin;E:\Git\cmd;E:\SSH Communications Security\SSH Secure Shell;C:\Users\Administrator\AppData\Local\GitHubDesktop\bin;E:\apache-jmeter-5.0\bin;.]
2019-08-15 20:55:59,844 [main] INFO  o.a.c.c.C.[.[localhost].[/parent] 173 - Initializing Spring embedded WebApplicationContext
2019-08-15 20:55:59,844 [main] INFO  o.s.web.context.ContextLoader 285 - Root WebApplicationContext: initialization completed in 2218 ms
2019-08-15 20:55:59,869 [main] INFO  o.s.b.w.s.ServletRegistrationBean 186 - Servlet dispatcherServlet mapped to [/]
2019-08-15 20:55:59,873 [main] INFO  o.s.b.w.s.FilterRegistrationBean 248 - Mapping filter: 'characterEncodingFilter' to: [/*]
2019-08-15 20:55:59,874 [main] INFO  o.s.b.w.s.FilterRegistrationBean 248 - Mapping filter: 'hiddenHttpMethodFilter' to: [/*]
2019-08-15 20:55:59,874 [main] INFO  o.s.b.w.s.FilterRegistrationBean 248 - Mapping filter: 'formContentFilter' to: [/*]
2019-08-15 20:55:59,874 [main] INFO  o.s.b.w.s.FilterRegistrationBean 248 - Mapping filter: 'requestContextFilter' to: [/*]
2019-08-15 20:55:59,874 [main] INFO  o.s.b.w.s.FilterRegistrationBean 248 - Mapping filter: 'demoFilter' to: [/*]
2019-08-15 20:55:59,900 [main] INFO  c.m.d.c3p0.DatasourceConfiguration 29 - com.mchange.v2.c3p0.ComboPooledDataSource.class
2019-08-15 20:55:59,913 [MLog-Init-Reporter] INFO  com.mchange.v2.log.MLog 212 - MLog clients using slf4j logging.
2019-08-15 20:56:00,007 [main] INFO  com.mchange.v2.c3p0.C3P0Registry 212 - Initializing c3p0-0.9.5.2 [built 08-December-2015 22:06:04 -0800; debug? true; trace: 10]
2019-08-15 20:56:00,287 [main] INFO  c.m.v.c.i.AbstractPoolBackedDataSource 212 - Initializing c3p0 pool... com.mchange.v2.c3p0.ComboPooledDataSource [ acquireIncrement -> 5, acquireRetryAttempts -> 30, acquireRetryDelay -> 1000, autoCommitOnClose -> false, automaticTestTable -> null, breakAfterAcquireFailure -> false, checkoutTimeout -> 0, connectionCustomizerClassName -> null, connectionTesterClassName -> com.mchange.v2.c3p0.impl.DefaultConnectionTester, contextClassLoaderSource -> caller, dataSourceName -> 1hge18aa415ft2wn1ab9x3h|701bc94e, debugUnreturnedConnectionStackTraces -> false, description -> null, driverClass -> com.mysql.cj.jdbc.Driver, extensions -> {}, factoryClassLocation -> null, forceIgnoreUnresolvedTransactions -> false, forceSynchronousCheckins -> false, forceUseNamedDriverClass -> false, identityToken -> 1hge18aa415ft2wn1ab9x3h|701bc94e, idleConnectionTestPeriod -> 60, initialPoolSize -> 15, jdbcUrl -> jdbc:mysql://localhost:3306/demo_db?useUnicode=true&characterEncoding=utf8&autoReconnect=true&failOverReadOnly=false&serverTimezone=GMT, maxAdministrativeTaskTime -> 0, maxConnectionAge -> 0, maxIdleTime -> 120, maxIdleTimeExcessConnections -> 0, maxPoolSize -> 20, maxStatements -> 1000, maxStatementsPerConnection -> 0, minPoolSize -> 10, numHelperThreads -> 3, preferredTestQuery -> null, privilegeSpawnedThreads -> false, properties -> {user=******, password=******}, propertyCycle -> 0, statementCacheNumDeferredCloseThreads -> 0, testConnectionOnCheckin -> false, testConnectionOnCheckout -> false, unreturnedConnectionTimeout -> 0, userOverrides -> {}, usesTraditionalReflectiveProxies -> false ]
2019-08-15 20:58:00,414 [main] INFO  com.memory.MainApplication 50 - Starting MainApplication on Memory-pc with PID 4528 (E:\IdeaProjects\parent\controller\target\classes started by Administrator in E:\IdeaProjects\parent)
2019-08-15 20:58:00,419 [main] INFO  com.memory.MainApplication 679 - The following profiles are active: c3p0,rabbitmq
2019-08-15 20:58:01,098 [main] INFO  o.s.d.r.c.RepositoryConfigurationDelegate 244 - Multiple Spring Data modules found, entering strict repository configuration mode!
2019-08-15 20:58:01,098 [main] INFO  o.s.d.r.c.RepositoryConfigurationDelegate 126 - Bootstrapping Spring Data repositories in DEFAULT mode.
2019-08-15 20:58:01,176 [main] INFO  o.s.d.r.c.RepositoryConfigurationDelegate 182 - Finished Spring Data repository scanning in 62ms. Found 1 repository interfaces.
2019-08-15 20:58:01,176 [main] INFO  o.s.d.r.c.RepositoryConfigurationDelegate 244 - Multiple Spring Data modules found, entering strict repository configuration mode!
2019-08-15 20:58:01,192 [main] INFO  o.s.d.r.c.RepositoryConfigurationDelegate 126 - Bootstrapping Spring Data repositories in DEFAULT mode.
2019-08-15 20:58:01,208 [main] INFO  o.s.d.r.c.RepositoryConfigurationExtensionSupport 363 - Spring Data Redis - Could not safely identify store assignment for repository candidate interface com.memory.domain.repository.DemoRepository.
2019-08-15 20:58:01,208 [main] INFO  o.s.d.r.c.RepositoryConfigurationDelegate 182 - Finished Spring Data repository scanning in 16ms. Found 0 repository interfaces.
2019-08-15 20:58:01,443 [main] INFO  o.s.c.s.PostProcessorRegistrationDelegate$BeanPostProcessorChecker 330 - Bean 'org.springframework.amqp.rabbit.annotation.RabbitBootstrapConfiguration' of type [org.springframework.amqp.rabbit.annotation.RabbitBootstrapConfiguration$$EnhancerBySpringCGLIB$$77dcc1c2] is not eligible for getting processed by all BeanPostProcessors (for example: not eligible for auto-proxying)
2019-08-15 20:58:01,505 [main] INFO  o.s.c.s.PostProcessorRegistrationDelegate$BeanPostProcessorChecker 330 - Bean 'org.springframework.transaction.annotation.ProxyTransactionManagementConfiguration' of type [org.springframework.transaction.annotation.ProxyTransactionManagementConfiguration$$EnhancerBySpringCGLIB$$b1710394] is not eligible for getting processed by all BeanPostProcessors (for example: not eligible for auto-proxying)
2019-08-15 20:58:01,770 [main] INFO  o.s.b.w.e.tomcat.TomcatWebServer 90 - Tomcat initialized with port(s): 8081 (http)
2019-08-15 20:58:01,770 [main] INFO  o.a.coyote.http11.Http11NioProtocol 173 - Initializing ProtocolHandler ["http-nio-8081"]
2019-08-15 20:58:01,786 [main] INFO  o.a.catalina.core.StandardService 173 - Starting service [Tomcat]
2019-08-15 20:58:01,786 [main] INFO  o.a.catalina.core.StandardEngine 173 - Starting Servlet Engine: Apache Tomcat/9.0.12
2019-08-15 20:58:01,786 [main] INFO  o.a.c.core.AprLifecycleListener 173 - The APR based Apache Tomcat Native library which allows optimal performance in production environments was not found on the java.library.path: [E:\Java\jdk1.8.0_131\bin;C:\Windows\Sun\Java\bin;C:\Windows\system32;C:\Windows;E:\NetSarang\Xshell 6\;C:\Program Files (x86)\Common Files\NetSarang;C:\Program Files (x86)\Common Files\Oracle\Java\javapath;C:\ProgramData\Oracle\Java\javapath;C:\Windows\system32;C:\Windows;C:\Windows\System32\Wbem;C:\Windows\System32\WindowsPowerShell\v1.0\;E:\TortoiseSVN\bin;E:\Java\jdk1.8.0_131\bin;E:\Java\jdk1.8.0_131\jre\bin;E:\maven-3.5.3\bin;E:\Git\cmd;E:\SSH Communications Security\SSH Secure Shell;C:\Users\Administrator\AppData\Local\GitHubDesktop\bin;E:\apache-jmeter-5.0\bin;.]
2019-08-15 20:58:01,895 [main] INFO  o.a.c.c.C.[.[localhost].[/parent] 173 - Initializing Spring embedded WebApplicationContext
2019-08-15 20:58:01,895 [main] INFO  o.s.web.context.ContextLoader 285 - Root WebApplicationContext: initialization completed in 1383 ms
2019-08-15 20:58:01,929 [main] INFO  o.s.b.w.s.ServletRegistrationBean 186 - Servlet dispatcherServlet mapped to [/]
2019-08-15 20:58:01,929 [main] INFO  o.s.b.w.s.FilterRegistrationBean 248 - Mapping filter: 'characterEncodingFilter' to: [/*]
2019-08-15 20:58:01,929 [main] INFO  o.s.b.w.s.FilterRegistrationBean 248 - Mapping filter: 'hiddenHttpMethodFilter' to: [/*]
2019-08-15 20:58:01,929 [main] INFO  o.s.b.w.s.FilterRegistrationBean 248 - Mapping filter: 'formContentFilter' to: [/*]
2019-08-15 20:58:01,929 [main] INFO  o.s.b.w.s.FilterRegistrationBean 248 - Mapping filter: 'requestContextFilter' to: [/*]
2019-08-15 20:58:01,929 [main] INFO  o.s.b.w.s.FilterRegistrationBean 248 - Mapping filter: 'demoFilter' to: [/*]
2019-08-15 20:58:01,945 [main] INFO  c.m.d.c3p0.DatasourceConfiguration 29 - com.mchange.v2.c3p0.ComboPooledDataSource.class
2019-08-15 20:58:01,961 [MLog-Init-Reporter] INFO  com.mchange.v2.log.MLog 212 - MLog clients using slf4j logging.
2019-08-15 20:58:02,054 [main] INFO  com.mchange.v2.c3p0.C3P0Registry 212 - Initializing c3p0-0.9.5.2 [built 08-December-2015 22:06:04 -0800; debug? true; trace: 10]
2019-08-15 20:58:02,179 [main] INFO  c.m.v.c.i.AbstractPoolBackedDataSource 212 - Initializing c3p0 pool... com.mchange.v2.c3p0.ComboPooledDataSource [ acquireIncrement -> 5, acquireRetryAttempts -> 30, acquireRetryDelay -> 1000, autoCommitOnClose -> false, automaticTestTable -> null, breakAfterAcquireFailure -> false, checkoutTimeout -> 0, connectionCustomizerClassName -> null, connectionTesterClassName -> com.mchange.v2.c3p0.impl.DefaultConnectionTester, contextClassLoaderSource -> caller, dataSourceName -> 1hge18aa415fvp1k185syea|27ace0b1, debugUnreturnedConnectionStackTraces -> false, description -> null, driverClass -> com.mysql.cj.jdbc.Driver, extensions -> {}, factoryClassLocation -> null, forceIgnoreUnresolvedTransactions -> false, forceSynchronousCheckins -> false, forceUseNamedDriverClass -> false, identityToken -> 1hge18aa415fvp1k185syea|27ace0b1, idleConnectionTestPeriod -> 60, initialPoolSize -> 15, jdbcUrl -> jdbc:mysql://localhost:3306/gwzz_db?useUnicode=true&characterEncoding=utf8&autoReconnect=true&failOverReadOnly=false&serverTimezone=GMT%2b8, maxAdministrativeTaskTime -> 0, maxConnectionAge -> 0, maxIdleTime -> 120, maxIdleTimeExcessConnections -> 0, maxPoolSize -> 20, maxStatements -> 1000, maxStatementsPerConnection -> 0, minPoolSize -> 10, numHelperThreads -> 3, preferredTestQuery -> null, privilegeSpawnedThreads -> false, properties -> {user=******, password=******}, propertyCycle -> 0, statementCacheNumDeferredCloseThreads -> 0, testConnectionOnCheckin -> false, testConnectionOnCheckout -> false, unreturnedConnectionTimeout -> 0, userOverrides -> {}, usesTraditionalReflectiveProxies -> false ]
2019-08-15 20:58:02,519 [main] INFO  o.h.jpa.internal.util.LogHelper 31 - HHH000204: Processing PersistenceUnitInfo [
	name: default
	...]
2019-08-15 20:58:02,738 [main] INFO  org.hibernate.Version 46 - HHH000412: Hibernate Core {5.3.7.Final}
2019-08-15 20:58:02,753 [main] INFO  org.hibernate.cfg.Environment 213 - HHH000206: hibernate.properties not found
2019-08-15 20:58:03,097 [main] INFO  o.h.annotations.common.Version 49 - HCANN000001: Hibernate Commons Annotations {5.0.4.Final}
2019-08-15 20:58:03,426 [main] INFO  org.hibernate.dialect.Dialect 157 - HHH000400: Using dialect: org.hibernate.dialect.MySQL5Dialect
2019-08-15 20:58:05,019 [main] INFO  o.s.o.j.LocalContainerEntityManagerFactoryBean 415 - Initialized JPA EntityManagerFactory for persistence unit 'default'
2019-08-15 20:58:05,539 [main] INFO  o.s.a.r.c.CachingConnectionFactory 455 - Attempting to connect to: [127.0.0.1:5672]
2019-08-15 20:58:06,597 [main] WARN  o.s.b.w.s.c.AnnotationConfigServletWebServerApplicationContext 554 - Exception encountered during context initialization - cancelling refresh attempt: org.springframework.beans.factory.UnsatisfiedDependencyException: Error creating bean with name 'demoController': Unsatisfied dependency expressed through field 'rabbitMQUtil'; nested exception is org.springframework.beans.factory.UnsatisfiedDependencyException: Error creating bean with name 'rabbitMQUtil': Unsatisfied dependency expressed through field 'connection'; nested exception is org.springframework.beans.factory.BeanCreationException: Error creating bean with name 'getConnection' defined in class path resource [com/memory/rabbitmq/utils/RabbitMQUtil.class]: Bean instantiation via factory method failed; nested exception is org.springframework.beans.BeanInstantiationException: Failed to instantiate [org.springframework.amqp.rabbit.connection.Connection]: Circular reference involving containing bean 'rabbitMQUtil' - consider declaring the factory method as static for independence from its containing instance. Factory method 'getConnection' threw exception; nested exception is org.springframework.amqp.AmqpConnectException: java.net.ConnectException: Connection refused: connect
2019-08-15 20:58:06,597 [main] INFO  o.s.o.j.LocalContainerEntityManagerFactoryBean 597 - Closing JPA EntityManagerFactory for persistence unit 'default'
2019-08-15 20:58:06,597 [main] INFO  o.a.catalina.core.StandardService 173 - Stopping service [Tomcat]
2019-08-15 20:58:06,628 [main] INFO  o.s.b.a.l.ConditionEvaluationReportLoggingListener 142 - 

Error starting ApplicationContext. To display the conditions report re-run your application with 'debug' enabled.
2019-08-15 21:01:28,599 [main] INFO  com.memory.MainApplication 50 - Starting MainApplication on Memory-pc with PID 2416 (E:\IdeaProjects\parent\controller\target\classes started by Administrator in E:\IdeaProjects\parent)
2019-08-15 21:01:28,599 [main] INFO  com.memory.MainApplication 679 - The following profiles are active: c3p0,rabbitmq
2019-08-15 21:01:29,242 [main] INFO  o.s.d.r.c.RepositoryConfigurationDelegate 244 - Multiple Spring Data modules found, entering strict repository configuration mode!
2019-08-15 21:01:29,242 [main] INFO  o.s.d.r.c.RepositoryConfigurationDelegate 126 - Bootstrapping Spring Data repositories in DEFAULT mode.
2019-08-15 21:01:29,320 [main] INFO  o.s.d.r.c.RepositoryConfigurationDelegate 182 - Finished Spring Data repository scanning in 78ms. Found 1 repository interfaces.
2019-08-15 21:01:29,320 [main] INFO  o.s.d.r.c.RepositoryConfigurationDelegate 244 - Multiple Spring Data modules found, entering strict repository configuration mode!
2019-08-15 21:01:29,320 [main] INFO  o.s.d.r.c.RepositoryConfigurationDelegate 126 - Bootstrapping Spring Data repositories in DEFAULT mode.
2019-08-15 21:01:29,351 [main] INFO  o.s.d.r.c.RepositoryConfigurationExtensionSupport 363 - Spring Data Redis - Could not safely identify store assignment for repository candidate interface com.memory.domain.repository.DemoRepository.
2019-08-15 21:01:29,351 [main] INFO  o.s.d.r.c.RepositoryConfigurationDelegate 182 - Finished Spring Data repository scanning in 16ms. Found 0 repository interfaces.
2019-08-15 21:01:29,586 [main] INFO  o.s.c.s.PostProcessorRegistrationDelegate$BeanPostProcessorChecker 330 - Bean 'org.springframework.amqp.rabbit.annotation.RabbitBootstrapConfiguration' of type [org.springframework.amqp.rabbit.annotation.RabbitBootstrapConfiguration$$EnhancerBySpringCGLIB$$45fdc50e] is not eligible for getting processed by all BeanPostProcessors (for example: not eligible for auto-proxying)
2019-08-15 21:01:29,648 [main] INFO  o.s.c.s.PostProcessorRegistrationDelegate$BeanPostProcessorChecker 330 - Bean 'org.springframework.transaction.annotation.ProxyTransactionManagementConfiguration' of type [org.springframework.transaction.annotation.ProxyTransactionManagementConfiguration$$EnhancerBySpringCGLIB$$7f9206e0] is not eligible for getting processed by all BeanPostProcessors (for example: not eligible for auto-proxying)
2019-08-15 21:01:29,906 [main] INFO  o.s.b.w.e.tomcat.TomcatWebServer 90 - Tomcat initialized with port(s): 8081 (http)
2019-08-15 21:01:29,914 [main] INFO  o.a.coyote.http11.Http11NioProtocol 173 - Initializing ProtocolHandler ["http-nio-8081"]
2019-08-15 21:01:29,914 [main] INFO  o.a.catalina.core.StandardService 173 - Starting service [Tomcat]
2019-08-15 21:01:29,914 [main] INFO  o.a.catalina.core.StandardEngine 173 - Starting Servlet Engine: Apache Tomcat/9.0.12
2019-08-15 21:01:29,914 [main] INFO  o.a.c.core.AprLifecycleListener 173 - The APR based Apache Tomcat Native library which allows optimal performance in production environments was not found on the java.library.path: [E:\Java\jdk1.8.0_131\bin;C:\Windows\Sun\Java\bin;C:\Windows\system32;C:\Windows;E:\NetSarang\Xshell 6\;C:\Program Files (x86)\Common Files\NetSarang;C:\Program Files (x86)\Common Files\Oracle\Java\javapath;C:\ProgramData\Oracle\Java\javapath;C:\Windows\system32;C:\Windows;C:\Windows\System32\Wbem;C:\Windows\System32\WindowsPowerShell\v1.0\;E:\TortoiseSVN\bin;E:\Java\jdk1.8.0_131\bin;E:\Java\jdk1.8.0_131\jre\bin;E:\maven-3.5.3\bin;E:\Git\cmd;E:\SSH Communications Security\SSH Secure Shell;C:\Users\Administrator\AppData\Local\GitHubDesktop\bin;E:\apache-jmeter-5.0\bin;.]
2019-08-15 21:01:30,038 [main] INFO  o.a.c.c.C.[.[localhost].[/parent] 173 - Initializing Spring embedded WebApplicationContext
2019-08-15 21:01:30,054 [main] INFO  o.s.web.context.ContextLoader 285 - Root WebApplicationContext: initialization completed in 1424 ms
2019-08-15 21:01:30,070 [main] INFO  o.s.b.w.s.ServletRegistrationBean 186 - Servlet dispatcherServlet mapped to [/]
2019-08-15 21:01:30,070 [main] INFO  o.s.b.w.s.FilterRegistrationBean 248 - Mapping filter: 'characterEncodingFilter' to: [/*]
2019-08-15 21:01:30,070 [main] INFO  o.s.b.w.s.FilterRegistrationBean 248 - Mapping filter: 'hiddenHttpMethodFilter' to: [/*]
2019-08-15 21:01:30,070 [main] INFO  o.s.b.w.s.FilterRegistrationBean 248 - Mapping filter: 'formContentFilter' to: [/*]
2019-08-15 21:01:30,070 [main] INFO  o.s.b.w.s.FilterRegistrationBean 248 - Mapping filter: 'requestContextFilter' to: [/*]
2019-08-15 21:01:30,070 [main] INFO  o.s.b.w.s.FilterRegistrationBean 248 - Mapping filter: 'demoFilter' to: [/*]
2019-08-15 21:01:30,101 [main] INFO  c.m.d.c3p0.DatasourceConfiguration 29 - com.mchange.v2.c3p0.ComboPooledDataSource.class
2019-08-15 21:01:30,116 [MLog-Init-Reporter] INFO  com.mchange.v2.log.MLog 212 - MLog clients using slf4j logging.
2019-08-15 21:01:30,241 [main] INFO  com.mchange.v2.c3p0.C3P0Registry 212 - Initializing c3p0-0.9.5.2 [built 08-December-2015 22:06:04 -0800; debug? true; trace: 10]
2019-08-15 21:01:30,350 [main] INFO  c.m.v.c.i.AbstractPoolBackedDataSource 212 - Initializing c3p0 pool... com.mchange.v2.c3p0.ComboPooledDataSource [ acquireIncrement -> 5, acquireRetryAttempts -> 30, acquireRetryDelay -> 1000, autoCommitOnClose -> false, automaticTestTable -> null, breakAfterAcquireFailure -> false, checkoutTimeout -> 0, connectionCustomizerClassName -> null, connectionTesterClassName -> com.mchange.v2.c3p0.impl.DefaultConnectionTester, contextClassLoaderSource -> caller, dataSourceName -> 1hge18aa415g05pu14zdp1p|730e5763, debugUnreturnedConnectionStackTraces -> false, description -> null, driverClass -> com.mysql.cj.jdbc.Driver, extensions -> {}, factoryClassLocation -> null, forceIgnoreUnresolvedTransactions -> false, forceSynchronousCheckins -> false, forceUseNamedDriverClass -> false, identityToken -> 1hge18aa415g05pu14zdp1p|730e5763, idleConnectionTestPeriod -> 60, initialPoolSize -> 15, jdbcUrl -> jdbc:mysql://localhost:3306/parent_db?useUnicode=true&characterEncoding=utf8&autoReconnect=true&failOverReadOnly=false&serverTimezone=GMT%2b8, maxAdministrativeTaskTime -> 0, maxConnectionAge -> 0, maxIdleTime -> 120, maxIdleTimeExcessConnections -> 0, maxPoolSize -> 20, maxStatements -> 1000, maxStatementsPerConnection -> 0, minPoolSize -> 10, numHelperThreads -> 3, preferredTestQuery -> null, privilegeSpawnedThreads -> false, properties -> {user=******, password=******}, propertyCycle -> 0, statementCacheNumDeferredCloseThreads -> 0, testConnectionOnCheckin -> false, testConnectionOnCheckout -> false, unreturnedConnectionTimeout -> 0, userOverrides -> {}, usesTraditionalReflectiveProxies -> false ]
2019-08-15 21:01:30,507 [main] INFO  o.h.jpa.internal.util.LogHelper 31 - HHH000204: Processing PersistenceUnitInfo [
	name: default
	...]
2019-08-15 21:01:30,553 [main] INFO  org.hibernate.Version 46 - HHH000412: Hibernate Core {5.3.7.Final}
2019-08-15 21:01:30,553 [main] INFO  org.hibernate.cfg.Environment 213 - HHH000206: hibernate.properties not found
2019-08-15 21:01:30,678 [main] INFO  o.h.annotations.common.Version 49 - HCANN000001: Hibernate Commons Annotations {5.0.4.Final}
2019-08-15 21:01:30,787 [main] INFO  org.hibernate.dialect.Dialect 157 - HHH000400: Using dialect: org.hibernate.dialect.MySQL5Dialect
2019-08-15 21:01:31,346 [main] INFO  o.s.o.j.LocalContainerEntityManagerFactoryBean 415 - Initialized JPA EntityManagerFactory for persistence unit 'default'
2019-08-15 21:01:31,643 [main] INFO  o.s.a.r.c.CachingConnectionFactory 455 - Attempting to connect to: [127.0.0.1:5672]
2019-08-15 21:01:32,678 [main] WARN  o.s.b.w.s.c.AnnotationConfigServletWebServerApplicationContext 554 - Exception encountered during context initialization - cancelling refresh attempt: org.springframework.beans.factory.UnsatisfiedDependencyException: Error creating bean with name 'minaServer': Unsatisfied dependency expressed through field 'minaServerIoHandler'; nested exception is org.springframework.beans.factory.UnsatisfiedDependencyException: Error creating bean with name 'minaServerIoHandler': Unsatisfied dependency expressed through field 'rabbitMQUtil'; nested exception is org.springframework.beans.factory.UnsatisfiedDependencyException: Error creating bean with name 'rabbitMQUtil': Unsatisfied dependency expressed through field 'connection'; nested exception is org.springframework.beans.factory.BeanCreationException: Error creating bean with name 'getConnection' defined in class path resource [com/memory/rabbitmq/utils/RabbitMQUtil.class]: Bean instantiation via factory method failed; nested exception is org.springframework.beans.BeanInstantiationException: Failed to instantiate [org.springframework.amqp.rabbit.connection.Connection]: Circular reference involving containing bean 'rabbitMQUtil' - consider declaring the factory method as static for independence from its containing instance. Factory method 'getConnection' threw exception; nested exception is org.springframework.amqp.AmqpConnectException: java.net.ConnectException: Connection refused: connect
2019-08-15 21:01:32,678 [main] INFO  o.s.o.j.LocalContainerEntityManagerFactoryBean 597 - Closing JPA EntityManagerFactory for persistence unit 'default'
2019-08-15 21:01:32,678 [main] INFO  o.a.catalina.core.StandardService 173 - Stopping service [Tomcat]
2019-08-15 21:01:32,678 [main] INFO  o.s.b.a.l.ConditionEvaluationReportLoggingListener 142 - 

Error starting ApplicationContext. To display the conditions report re-run your application with 'debug' enabled.
